# JRE version: OpenJDK Runtime Environment (8.0_312-b07) (build 1.8.0_312-8u312-b07-0ubuntu1~20.04-b07)
# Java VM: OpenJDK 64-Bit Server VM (25.312-b07 mixed mode linux-amd64 compressed oops)
Heap:
 PSYoungGen      total 130048K, used 17763K [0x00000000d7b80000, 0x00000000e8780000, 0x0000000100000000)
  eden space 124928K, 14% used [0x00000000d7b80000,0x00000000d8cd8df8,0x00000000df580000)
  from space 5120K, 0% used [0x00000000df580000,0x00000000df580000,0x00000000dfa80000)
  to   space 12288K, 0% used [0x00000000e7b80000,0x00000000e7b80000,0x00000000e8780000)
 ParOldGen       total 72192K, used 14672K [0x0000000087200000, 0x000000008b880000, 0x00000000d7b80000)
  object space 72192K, 20% used [0x0000000087200000,0x0000000088054178,0x000000008b880000)
 Metaspace       used 24611K, capacity 24948K, committed 25216K, reserved 1071104K
  class space    used 2963K, capacity 3093K, committed 3200K, reserved 1048576K
GC Heap History (10 events):
Event: 0.698 GC heap before
{Heap before GC invocations=2 (full 0):
 PSYoungGen      total 36352K, used 36016K [0x00000000d7b80000, 0x00000000dc280000, 0x0000000100000000)
  eden space 31232K, 100% used [0x00000000d7b80000,0x00000000d9a00000,0x00000000d9a00000)
  from space 5120K, 93% used [0x00000000d9a00000,0x00000000d9eac080,0x00000000d9f00000)
  to   space 5120K, 0% used [0x00000000dbd80000,0x00000000dbd80000,0x00000000dc280000)
 ParOldGen       total 83456K, used 8K [0x0000000087200000, 0x000000008c380000, 0x00000000d7b80000)
  object space 83456K, 0% used [0x0000000087200000,0x0000000087202000,0x000000008c380000)
 Metaspace       used 10859K, capacity 11044K, committed 11264K, reserved 1058816K
  class space    used 1347K, capacity 1444K, committed 1536K, reserved 1048576K
Event: 0.702 GC heap after
Heap after GC invocations=2 (full 0):
 PSYoungGen      total 67584K, used 5092K [0x00000000d7b80000, 0x00000000dc280000, 0x0000000100000000)
  eden space 62464K, 0% used [0x00000000d7b80000,0x00000000d7b80000,0x00000000db880000)
  from space 5120K, 99% used [0x00000000dbd80000,0x00000000dc279338,0x00000000dc280000)
  to   space 5120K, 0% used [0x00000000db880000,0x00000000db880000,0x00000000dbd80000)
 ParOldGen       total 83456K, used 857K [0x0000000087200000, 0x000000008c380000, 0x00000000d7b80000)
  object space 83456K, 1% used [0x0000000087200000,0x00000000872d64a0,0x000000008c380000)
 Metaspace       used 10859K, capacity 11044K, committed 11264K, reserved 1058816K
  class space    used 1347K, capacity 1444K, committed 1536K, reserved 1048576K
}
Event: 1.492 GC heap before
{Heap before GC invocations=3 (full 0):
 PSYoungGen      total 67584K, used 67556K [0x00000000d7b80000, 0x00000000dc280000, 0x0000000100000000)
  eden space 62464K, 100% used [0x00000000d7b80000,0x00000000db880000,0x00000000db880000)
  from space 5120K, 99% used [0x00000000dbd80000,0x00000000dc279338,0x00000000dc280000)
  to   space 5120K, 0% used [0x00000000db880000,0x00000000db880000,0x00000000dbd80000)
 ParOldGen       total 83456K, used 857K [0x0000000087200000, 0x000000008c380000, 0x00000000d7b80000)
  object space 83456K, 1% used [0x0000000087200000,0x00000000872d64a0,0x000000008c380000)
 Metaspace       used 16595K, capacity 16870K, committed 17024K, reserved 1064960K
  class space    used 2011K, capacity 2095K, committed 2176K, reserved 1048576K
Event: 1.502 GC heap after
Heap after GC invocations=3 (full 0):
 PSYoungGen      total 67584K, used 5088K [0x00000000d7b80000, 0x00000000dff80000, 0x0000000100000000)
  eden space 62464K, 0% used [0x00000000d7b80000,0x00000000d7b80000,0x00000000db880000)
  from space 5120K, 99% used [0x00000000db880000,0x00000000dbd78040,0x00000000dbd80000)
  to   space 5120K, 0% used [0x00000000dfa80000,0x00000000dfa80000,0x00000000dff80000)
 ParOldGen       total 83456K, used 4725K [0x0000000087200000, 0x000000008c380000, 0x00000000d7b80000)
  object space 83456K, 5% used [0x0000000087200000,0x000000008769d538,0x000000008c380000)
 Metaspace       used 16595K, capacity 16870K, committed 17024K, reserved 1064960K
  class space    used 2011K, capacity 2095K, committed 2176K, reserved 1048576K
}
Event: 2.296 GC heap before
{Heap before GC invocations=4 (full 0):
 PSYoungGen      total 67584K, used 67552K [0x00000000d7b80000, 0x00000000dff80000, 0x0000000100000000)
  eden space 62464K, 100% used [0x00000000d7b80000,0x00000000db880000,0x00000000db880000)
  from space 5120K, 99% used [0x00000000db880000,0x00000000dbd78040,0x00000000dbd80000)
  to   space 5120K, 0% used [0x00000000dfa80000,0x00000000dfa80000,0x00000000dff80000)
 ParOldGen       total 83456K, used 4725K [0x0000000087200000, 0x000000008c380000, 0x00000000d7b80000)
  object space 83456K, 5% used [0x0000000087200000,0x000000008769d538,0x000000008c380000)
 Metaspace       used 19135K, capacity 19492K, committed 19584K, reserved 1067008K
  class space    used 2256K, capacity 2405K, committed 2432K, reserved 1048576K
Event: 2.316 GC heap after
Heap after GC invocations=4 (full 0):
 PSYoungGen      total 130048K, used 5088K [0x00000000d7b80000, 0x00000000dff80000, 0x0000000100000000)
  eden space 124928K, 0% used [0x00000000d7b80000,0x00000000d7b80000,0x00000000df580000)
  from space 5120K, 99% used [0x00000000dfa80000,0x00000000dff78020,0x00000000dff80000)
  to   space 5120K, 0% used [0x00000000df580000,0x00000000df580000,0x00000000dfa80000)
 ParOldGen       total 83456K, used 11607K [0x0000000087200000, 0x000000008c380000, 0x00000000d7b80000)
  object space 83456K, 13% used [0x0000000087200000,0x0000000087d55f90,0x000000008c380000)
 Metaspace       used 19135K, capacity 19492K, committed 19584K, reserved 1067008K
  class space    used 2256K, capacity 2405K, committed 2432K, reserved 1048576K
}
Event: 3.087 GC heap before
{Heap before GC invocations=5 (full 0):
 PSYoungGen      total 130048K, used 25339K [0x00000000d7b80000, 0x00000000dff80000, 0x0000000100000000)
  eden space 124928K, 16% used [0x00000000d7b80000,0x00000000d8f46d30,0x00000000df580000)
  from space 5120K, 99% used [0x00000000dfa80000,0x00000000dff78020,0x00000000dff80000)
  to   space 5120K, 0% used [0x00000000df580000,0x00000000df580000,0x00000000dfa80000)
 ParOldGen       total 83456K, used 11607K [0x0000000087200000, 0x000000008c380000, 0x00000000d7b80000)
  object space 83456K, 13% used [0x0000000087200000,0x0000000087d55f90,0x000000008c380000)
 Metaspace       used 20836K, capacity 21124K, committed 21296K, reserved 1069056K
  class space    used 2500K, capacity 2629K, committed 2688K, reserved 1048576K
Event: 3.119 GC heap after
Heap after GC invocations=5 (full 0):
 PSYoungGen      total 130048K, used 5104K [0x00000000d7b80000, 0x00000000e8780000, 0x0000000100000000)
  eden space 124928K, 0% used [0x00000000d7b80000,0x00000000d7b80000,0x00000000df580000)
  from space 5120K, 99% used [0x00000000df580000,0x00000000dfa7c020,0x00000000dfa80000)
  to   space 12288K, 0% used [0x00000000e7b80000,0x00000000e7b80000,0x00000000e8780000)
 ParOldGen       total 83456K, used 14205K [0x0000000087200000, 0x000000008c380000, 0x00000000d7b80000)
  object space 83456K, 17% used [0x0000000087200000,0x0000000087fdf728,0x000000008c380000)
 Metaspace       used 20836K, capacity 21124K, committed 21296K, reserved 1069056K
  class space    used 2500K, capacity 2629K, committed 2688K, reserved 1048576K
}
Event: 3.119 GC heap before
{Heap before GC invocations=6 (full 1):
 PSYoungGen      total 130048K, used 5104K [0x00000000d7b80000, 0x00000000e8780000, 0x0000000100000000)
  eden space 124928K, 0% used [0x00000000d7b80000,0x00000000d7b80000,0x00000000df580000)
  from space 5120K, 99% used [0x00000000df580000,0x00000000dfa7c020,0x00000000dfa80000)
  to   space 12288K, 0% used [0x00000000e7b80000,0x00000000e7b80000,0x00000000e8780000)
 ParOldGen       total 83456K, used 14205K [0x0000000087200000, 0x000000008c380000, 0x00000000d7b80000)
  object space 83456K, 17% used [0x0000000087200000,0x0000000087fdf728,0x000000008c380000)
 Metaspace       used 20836K, capacity 21124K, committed 21296K, reserved 1069056K
  class space    used 2500K, capacity 2629K, committed 2688K, reserved 1048576K
Event: 3.223 GC heap after
Heap after GC invocations=6 (full 1):
 PSYoungGen      total 130048K, used 0K [0x00000000d7b80000, 0x00000000e8780000, 0x0000000100000000)
  eden space 124928K, 0% used [0x00000000d7b80000,0x00000000d7b80000,0x00000000df580000)
  from space 5120K, 0% used [0x00000000df580000,0x00000000df580000,0x00000000dfa80000)
  to   space 12288K, 0% used [0x00000000e7b80000,0x00000000e7b80000,0x00000000e8780000)
 ParOldGen       total 72192K, used 14672K [0x0000000087200000, 0x000000008b880000, 0x00000000d7b80000)
  object space 72192K, 20% used [0x0000000087200000,0x0000000088054178,0x000000008b880000)
 Metaspace       used 20836K, capacity 21124K, committed 21296K, reserved 1069056K
  class space    used 2500K, capacity 2629K, committed 2688K, reserved 1048576K
}

